Using pre-set license
Built from '2020.3/staging' branch; Version is '2020.3.26f1 (7298b473bc1a) revision 7510196'; Using compiler version '192528614'; Build Type 'Release'
OS: 'Windows 10  (10.0.19042) 64bit Enterprise' Language: 'en' Physical Memory: 32669 MB
BatchMode: 1, IsHumanControllingUs: 0, StartBugReporterOnCrash: 0, Is64bit: 1, IsPro: 0

COMMAND LINE ARGUMENTS:
D:\Program Files\Unity\2020.3.26f1\Editor\Unity.exe
-adb2
-batchMode
-noUpm
-name
AssetImportWorker0
-projectPath
D:/Students/Yaoyuan Zhang/11/Mission-Demolition/MissonDemolition-uinity
-logFile
Logs/AssetImportWorker0.log
-srvPort
64619
Successfully changed project path to: D:/Students/Yaoyuan Zhang/11/Mission-Demolition/MissonDemolition-uinity
D:/Students/Yaoyuan Zhang/11/Mission-Demolition/MissonDemolition-uinity
Using Asset Import Pipeline V2.
Refreshing native plugins compatible for Editor in 27.26 ms, found 2 plugins.
Preloading 0 native plugins for Editor in 0.00 ms.
Initialize engine version: 2020.3.26f1 (7298b473bc1a)
[Subsystems] Discovering subsystems at path D:/Program Files/Unity/2020.3.26f1/Editor/Data/Resources/UnitySubsystems
[Subsystems] Discovering subsystems at path D:/Students/Yaoyuan Zhang/11/Mission-Demolition/MissonDemolition-uinity/Assets
GfxDevice: creating device client; threaded=0
Direct3D:
    Version:  Direct3D 11.0 [level 11.1]
    Renderer: NVIDIA GeForce GTX 1080 (ID=0x1b80)
    Vendor:   
    VRAM:     8079 MB
    Driver:   30.0.15.1123
Initialize mono
Mono path[0] = 'D:/Program Files/Unity/2020.3.26f1/Editor/Data/Managed'
Mono path[1] = 'D:/Program Files/Unity/2020.3.26f1/Editor/Data/MonoBleedingEdge/lib/mono/unityjit'
Mono config path = 'D:/Program Files/Unity/2020.3.26f1/Editor/Data/MonoBleedingEdge/etc'
Using monoOptions --debugger-agent=transport=dt_socket,embedding=1,server=y,suspend=n,address=127.0.0.1:56808
Begin MonoManager ReloadAssembly
Registering precompiled unity dll's ...
Register platform support module: D:/Program Files/Unity/2020.3.26f1/Editor/Data/PlaybackEngines/WebGLSupport/UnityEditor.WebGL.Extensions.dll
Register platform support module: D:/Program Files/Unity/2020.3.26f1/Editor/Data/PlaybackEngines/WindowsStandaloneSupport/UnityEditor.WindowsStandalone.Extensions.dll
Registered in 0.001259 seconds.
Native extension for WindowsStandalone target not found
Native extension for WebGL target not found
Refreshing native plugins compatible for Editor in 25.86 ms, found 2 plugins.
Preloading 0 native plugins for Editor in 0.00 ms.
Mono: successfully reloaded assembly
- Completed reload, in  0.509 seconds
Domain Reload Profiling:
	ReloadAssembly (510ms)
		BeginReloadAssembly (46ms)
			ExecutionOrderSort (0ms)
			DisableScriptedObjects (0ms)
			BackupInstance (0ms)
			ReleaseScriptingObjects (0ms)
			CreateAndSetChildDomain (1ms)
		EndReloadAssembly (399ms)
			LoadAssemblies (46ms)
			RebuildTransferFunctionScriptingTraits (0ms)
			SetupTypeCache (141ms)
			ReleaseScriptCaches (0ms)
			RebuildScriptCaches (28ms)
			SetupLoadedEditorAssemblies (142ms)
				LogAssemblyErrors (0ms)
				InitializePlatformSupportModulesInManaged (4ms)
				SetLoadedEditorAssemblies (0ms)
				RefreshPlugins (26ms)
				BeforeProcessingInitializeOnLoad (15ms)
				ProcessInitializeOnLoadAttributes (73ms)
				ProcessInitializeOnLoadMethodAttributes (25ms)
				AfterProcessingInitializeOnLoad (0ms)
				EditorAssembliesLoaded (0ms)
			ExecutionOrderSort2 (0ms)
			AwakeInstancesAfterBackupRestoration (0ms)
Platform modules already initialized, skipping
Registering precompiled user dll's ...
Registered in 0.003016 seconds.
Begin MonoManager ReloadAssembly
Native extension for WindowsStandalone target not found
Native extension for WebGL target not found
Refreshing native plugins compatible for Editor in 0.30 ms, found 2 plugins.
Preloading 0 native plugins for Editor in 0.00 ms.
Mono: successfully reloaded assembly
- Completed reload, in  0.895 seconds
Domain Reload Profiling:
	ReloadAssembly (895ms)
		BeginReloadAssembly (126ms)
			ExecutionOrderSort (0ms)
			DisableScriptedObjects (4ms)
			BackupInstance (0ms)
			ReleaseScriptingObjects (0ms)
			CreateAndSetChildDomain (17ms)
		EndReloadAssembly (718ms)
			LoadAssemblies (99ms)
			RebuildTransferFunctionScriptingTraits (0ms)
			SetupTypeCache (251ms)
			ReleaseScriptCaches (0ms)
			RebuildScriptCaches (35ms)
			SetupLoadedEditorAssemblies (258ms)
				LogAssemblyErrors (0ms)
				InitializePlatformSupportModulesInManaged (5ms)
				SetLoadedEditorAssemblies (0ms)
				RefreshPlugins (0ms)
				BeforeProcessingInitializeOnLoad (65ms)
				ProcessInitializeOnLoadAttributes (177ms)
				ProcessInitializeOnLoadMethodAttributes (7ms)
				AfterProcessingInitializeOnLoad (2ms)
				EditorAssembliesLoaded (0ms)
			ExecutionOrderSort2 (0ms)
			AwakeInstancesAfterBackupRestoration (6ms)
Platform modules already initialized, skipping
========================================================================
Worker process is ready to serve import requests
Launched and connected shader compiler UnityShaderCompiler.exe after 0.05 seconds
Refreshing native plugins compatible for Editor in 0.30 ms, found 2 plugins.
Preloading 0 native plugins for Editor in 0.00 ms.
Unloading 1505 Unused Serialized files (Serialized files now loaded: 0)
System memory in use before: 67.5 MB.
System memory in use after: 67.6 MB.

Unloading 19 unused Assets to reduce memory usage. Loaded Objects now: 1937.
Total: 2.540200 ms (FindLiveObjects: 0.133600 ms CreateObjectMapping: 0.064700 ms MarkObjects: 2.280200 ms  DeleteObjects: 0.060600 ms)

AssetImportParameters requested are different than current active one (requested -> active):
  custom:framework-win-MediaFoundation: 216162199b28c13a410421893ffa2e32 -> 
  custom:video-decoder-ogg-theora: a1e56fd34408186e4bbccfd4996cb3dc -> 
  custom:container-muxer-webm: aa71ff27fc2769a1b78a27578f13a17b -> 
  custom:container-demuxer-webm: 4f35f7cbe854078d1ac9338744f61a02 -> 
  custom:container-demuxer-ogg: 62fdf1f143b41e24485cea50d1cbac27 -> 
  custom:video-encoder-webm-vp8: eb34c28f22e8b96e1ab97ce403110664 -> 
  custom:video-decoder-webm-vp8: 9c59270c3fd7afecdb556c50c9e8de78 -> 
  custom:audio-decoder-ogg-vorbis: bf7c407c2cedff20999df2af8eb42d56 -> 
  custom:audio-encoder-webm-vorbis: bf7c407c2cedff20999df2af8eb42d56 -> 
========================================================================
Received Import Request.
  path: Assets/script/Follow.cs
  artifactKey: Guid(52844a8b83f5f1c408be6f61455031e2) Importer(815301076,1909f56bfc062723c751e8b465ee728b)
Start importing Assets/script/Follow.cs using Guid(52844a8b83f5f1c408be6f61455031e2) Importer(815301076,1909f56bfc062723c751e8b465ee728b)  -> (artifact id: 'ef914ab948bdcd1512fde5b2a83dcadd') in 0.037213 seconds 
  Import took 0.039975 seconds .

========================================================================
Received Import Request.
  Time since last request: 180.708471 seconds.
  path: Assets/PMat_Projectile.physicMaterial
  artifactKey: Guid(6551bb20228a5044fad350ea329e8cac) Importer(815301076,1909f56bfc062723c751e8b465ee728b)
Start importing Assets/PMat_Projectile.physicMaterial using Guid(6551bb20228a5044fad350ea329e8cac) Importer(815301076,1909f56bfc062723c751e8b465ee728b)  -> (artifact id: '87e1998e3c2d18f2e81d94b32acae250') in 0.020817 seconds 
  Import took 0.023261 seconds .

========================================================================
Received Import Request.
  Time since last request: 49.999532 seconds.
  path: Assets/prefab/Projectile.prefab
  artifactKey: Guid(ecc032cb0e7357e4c8550234f47142a5) Importer(815301076,1909f56bfc062723c751e8b465ee728b)
Start importing Assets/prefab/Projectile.prefab using Guid(ecc032cb0e7357e4c8550234f47142a5) Importer(815301076,1909f56bfc062723c751e8b465ee728b)  -> (artifact id: '692e33b7ebccc2bb5444e8f4d30a1cbc') in 0.075238 seconds 
  Import took 0.077523 seconds .

========================================================================
Received Import Request.
  Time since last request: 19.480708 seconds.
  path: Assets/material
  artifactKey: Guid(e62970b449f4b1943872e0a2a09cc070) Importer(815301076,1909f56bfc062723c751e8b465ee728b)
Start importing Assets/material using Guid(e62970b449f4b1943872e0a2a09cc070) Importer(815301076,1909f56bfc062723c751e8b465ee728b)  -> (artifact id: 'bda10959698432c06559b0fc7c111509') in 0.007912 seconds 
  Import took 0.010234 seconds .

========================================================================
Received Import Request.
  Time since last request: 788.944976 seconds.
  path: Assets/prefab/Clouds.prefab
  artifactKey: Guid(26364742c710f6f4e8ae617e2782d5d4) Importer(815301076,1909f56bfc062723c751e8b465ee728b)
Start importing Assets/prefab/Clouds.prefab using Guid(26364742c710f6f4e8ae617e2782d5d4) Importer(815301076,1909f56bfc062723c751e8b465ee728b)  -> (artifact id: '9392ea703c40aeba7f85d7e59b68f6d3') in 0.020983 seconds 
  Import took 0.023856 seconds .

========================================================================
Received Import Request.
  Time since last request: 50.750257 seconds.
  path: Assets/script/Clouds.cs
  artifactKey: Guid(5f8f59cafbad2a544bbc74405fcd1e4e) Importer(815301076,1909f56bfc062723c751e8b465ee728b)
Start importing Assets/script/Clouds.cs using Guid(5f8f59cafbad2a544bbc74405fcd1e4e) Importer(815301076,1909f56bfc062723c751e8b465ee728b)  -> (artifact id: 'a22ebf33c3ef6c4874e608e49d0de5e5') in 0.004399 seconds 
  Import took 0.006870 seconds .

========================================================================
Received Import Request.
  Time since last request: 1547.294991 seconds.
  path: Assets/script/NewBehaviourScript.cs
  artifactKey: Guid(9d98e60aeb4d86c49a4326ed0dc2f1bb) Importer(815301076,1909f56bfc062723c751e8b465ee728b)
Start importing Assets/script/NewBehaviourScript.cs using Guid(9d98e60aeb4d86c49a4326ed0dc2f1bb) Importer(815301076,1909f56bfc062723c751e8b465ee728b)  -> (artifact id: 'e09bc41adf4f041ea45ebb27f65798fc') in 0.009521 seconds 
  Import took 0.012386 seconds .

========================================================================
Received Import Request.
  Time since last request: 146.052472 seconds.
  path: Assets/prefab/Cloud.prefab
  artifactKey: Guid(ede1bcaefcc84c84685b630191e74d9a) Importer(815301076,1909f56bfc062723c751e8b465ee728b)
Start importing Assets/prefab/Cloud.prefab using Guid(ede1bcaefcc84c84685b630191e74d9a) Importer(815301076,1909f56bfc062723c751e8b465ee728b)  -> (artifact id: '6610d02be7d389297af89373813a38f8') in 0.012450 seconds 
  Import took 0.015829 seconds .

========================================================================
Received Import Request.
  Time since last request: 47.446993 seconds.
  path: Assets/script/CloudCrafter.cs
  artifactKey: Guid(7f1c184ecee32504da88fc2f94c435aa) Importer(815301076,1909f56bfc062723c751e8b465ee728b)
Start importing Assets/script/CloudCrafter.cs using Guid(7f1c184ecee32504da88fc2f94c435aa) Importer(815301076,1909f56bfc062723c751e8b465ee728b)  -> (artifact id: 'bb6a5c78859c7f3aecea23fc63c5fbf1') in 0.010646 seconds 
  Import took 0.013154 seconds .

========================================================================
Received Import Request.
  Time since last request: 794.185943 seconds.
  path: Assets/script/CloudCrafter.cs
  artifactKey: Guid(7f1c184ecee32504da88fc2f94c435aa) Importer(815301076,1909f56bfc062723c751e8b465ee728b)
Start importing Assets/script/CloudCrafter.cs using Guid(7f1c184ecee32504da88fc2f94c435aa) Importer(815301076,1909f56bfc062723c751e8b465ee728b)  -> (artifact id: 'c8e464d424878ee553abbc08fdc7dea2') in 0.007268 seconds 
  Import took 0.026034 seconds .

