Using pre-set license
Built from '2020.3/staging' branch; Version is '2020.3.26f1 (7298b473bc1a) revision 7510196'; Using compiler version '192528614'; Build Type 'Release'
OS: 'Windows 10  (10.0.19042) 64bit Enterprise' Language: 'en' Physical Memory: 32669 MB
BatchMode: 1, IsHumanControllingUs: 0, StartBugReporterOnCrash: 0, Is64bit: 1, IsPro: 0

COMMAND LINE ARGUMENTS:
D:\Program Files\Unity\2020.3.26f1\Editor\Unity.exe
-adb2
-batchMode
-noUpm
-name
AssetImportWorker0
-projectPath
D:/Students/Yaoyuan Zhang/11/Mission-Demolition/MissonDemolition-uinity
-logFile
Logs/AssetImportWorker0.log
-srvPort
64658
Successfully changed project path to: D:/Students/Yaoyuan Zhang/11/Mission-Demolition/MissonDemolition-uinity
D:/Students/Yaoyuan Zhang/11/Mission-Demolition/MissonDemolition-uinity
Using Asset Import Pipeline V2.
Refreshing native plugins compatible for Editor in 39.52 ms, found 2 plugins.
Preloading 0 native plugins for Editor in 0.00 ms.
Initialize engine version: 2020.3.26f1 (7298b473bc1a)
[Subsystems] Discovering subsystems at path D:/Program Files/Unity/2020.3.26f1/Editor/Data/Resources/UnitySubsystems
[Subsystems] Discovering subsystems at path D:/Students/Yaoyuan Zhang/11/Mission-Demolition/MissonDemolition-uinity/Assets
GfxDevice: creating device client; threaded=0
Direct3D:
    Version:  Direct3D 11.0 [level 11.1]
    Renderer: NVIDIA GeForce GTX 1080 (ID=0x1b80)
    Vendor:   
    VRAM:     8079 MB
    Driver:   30.0.15.1123
Initialize mono
Mono path[0] = 'D:/Program Files/Unity/2020.3.26f1/Editor/Data/Managed'
Mono path[1] = 'D:/Program Files/Unity/2020.3.26f1/Editor/Data/MonoBleedingEdge/lib/mono/unityjit'
Mono config path = 'D:/Program Files/Unity/2020.3.26f1/Editor/Data/MonoBleedingEdge/etc'
Using monoOptions --debugger-agent=transport=dt_socket,embedding=1,server=y,suspend=n,address=127.0.0.1:56812
Begin MonoManager ReloadAssembly
Registering precompiled unity dll's ...
Register platform support module: D:/Program Files/Unity/2020.3.26f1/Editor/Data/PlaybackEngines/WebGLSupport/UnityEditor.WebGL.Extensions.dll
Register platform support module: D:/Program Files/Unity/2020.3.26f1/Editor/Data/PlaybackEngines/WindowsStandaloneSupport/UnityEditor.WindowsStandalone.Extensions.dll
Registered in 0.001333 seconds.
Native extension for WindowsStandalone target not found
Native extension for WebGL target not found
Refreshing native plugins compatible for Editor in 28.12 ms, found 2 plugins.
Preloading 0 native plugins for Editor in 0.00 ms.
Mono: successfully reloaded assembly
- Completed reload, in  0.516 seconds
Domain Reload Profiling:
	ReloadAssembly (516ms)
		BeginReloadAssembly (47ms)
			ExecutionOrderSort (0ms)
			DisableScriptedObjects (0ms)
			BackupInstance (0ms)
			ReleaseScriptingObjects (0ms)
			CreateAndSetChildDomain (1ms)
		EndReloadAssembly (405ms)
			LoadAssemblies (47ms)
			RebuildTransferFunctionScriptingTraits (0ms)
			SetupTypeCache (140ms)
			ReleaseScriptCaches (0ms)
			RebuildScriptCaches (30ms)
			SetupLoadedEditorAssemblies (145ms)
				LogAssemblyErrors (0ms)
				InitializePlatformSupportModulesInManaged (4ms)
				SetLoadedEditorAssemblies (0ms)
				RefreshPlugins (28ms)
				BeforeProcessingInitializeOnLoad (16ms)
				ProcessInitializeOnLoadAttributes (73ms)
				ProcessInitializeOnLoadMethodAttributes (24ms)
				AfterProcessingInitializeOnLoad (0ms)
				EditorAssembliesLoaded (0ms)
			ExecutionOrderSort2 (0ms)
			AwakeInstancesAfterBackupRestoration (0ms)
Platform modules already initialized, skipping
Registering precompiled user dll's ...
Registered in 0.003294 seconds.
Begin MonoManager ReloadAssembly
Native extension for WindowsStandalone target not found
Native extension for WebGL target not found
Refreshing native plugins compatible for Editor in 0.31 ms, found 2 plugins.
Preloading 0 native plugins for Editor in 0.00 ms.
Mono: successfully reloaded assembly
- Completed reload, in  1.178 seconds
Domain Reload Profiling:
	ReloadAssembly (1178ms)
		BeginReloadAssembly (162ms)
			ExecutionOrderSort (0ms)
			DisableScriptedObjects (5ms)
			BackupInstance (0ms)
			ReleaseScriptingObjects (0ms)
			CreateAndSetChildDomain (24ms)
		EndReloadAssembly (940ms)
			LoadAssemblies (90ms)
			RebuildTransferFunctionScriptingTraits (0ms)
			SetupTypeCache (360ms)
			ReleaseScriptCaches (0ms)
			RebuildScriptCaches (54ms)
			SetupLoadedEditorAssemblies (310ms)
				LogAssemblyErrors (0ms)
				InitializePlatformSupportModulesInManaged (5ms)
				SetLoadedEditorAssemblies (0ms)
				RefreshPlugins (0ms)
				BeforeProcessingInitializeOnLoad (69ms)
				ProcessInitializeOnLoadAttributes (223ms)
				ProcessInitializeOnLoadMethodAttributes (9ms)
				AfterProcessingInitializeOnLoad (3ms)
				EditorAssembliesLoaded (0ms)
			ExecutionOrderSort2 (0ms)
			AwakeInstancesAfterBackupRestoration (12ms)
Platform modules already initialized, skipping
========================================================================
Worker process is ready to serve import requests
Launched and connected shader compiler UnityShaderCompiler.exe after 0.10 seconds
Refreshing native plugins compatible for Editor in 0.30 ms, found 2 plugins.
Preloading 0 native plugins for Editor in 0.00 ms.
Unloading 1509 Unused Serialized files (Serialized files now loaded: 0)
System memory in use before: 68.1 MB.
System memory in use after: 68.1 MB.

Unloading 19 unused Assets to reduce memory usage. Loaded Objects now: 1943.
Total: 3.645400 ms (FindLiveObjects: 0.168500 ms CreateObjectMapping: 0.064900 ms MarkObjects: 3.336100 ms  DeleteObjects: 0.074000 ms)

AssetImportParameters requested are different than current active one (requested -> active):
  custom:framework-win-MediaFoundation: 216162199b28c13a410421893ffa2e32 -> 
  custom:video-decoder-ogg-theora: a1e56fd34408186e4bbccfd4996cb3dc -> 
  custom:container-muxer-webm: aa71ff27fc2769a1b78a27578f13a17b -> 
  custom:container-demuxer-webm: 4f35f7cbe854078d1ac9338744f61a02 -> 
  custom:container-demuxer-ogg: 62fdf1f143b41e24485cea50d1cbac27 -> 
  custom:video-encoder-webm-vp8: eb34c28f22e8b96e1ab97ce403110664 -> 
  custom:video-decoder-webm-vp8: 9c59270c3fd7afecdb556c50c9e8de78 -> 
  custom:audio-decoder-ogg-vorbis: bf7c407c2cedff20999df2af8eb42d56 -> 
  custom:audio-encoder-webm-vorbis: bf7c407c2cedff20999df2af8eb42d56 -> 
========================================================================
Received Import Request.
  path: Assets/script/RigidbodySleep.cs
  artifactKey: Guid(b33e7a3e6da614943bf3b6fd262fdc37) Importer(815301076,1909f56bfc062723c751e8b465ee728b)
Start importing Assets/script/RigidbodySleep.cs using Guid(b33e7a3e6da614943bf3b6fd262fdc37) Importer(815301076,1909f56bfc062723c751e8b465ee728b)  -> (artifact id: '20c736dd0e6c7a30c25570c2ab8d4484') in 0.038429 seconds 
  Import took 0.040520 seconds .

========================================================================
Received Import Request.
  Time since last request: 415.352303 seconds.
  path: Assets/prefab/Wall.prefab
  artifactKey: Guid(18c271f7a06a8b841b856785c08502ae) Importer(815301076,1909f56bfc062723c751e8b465ee728b)
Start importing Assets/prefab/Wall.prefab using Guid(18c271f7a06a8b841b856785c08502ae) Importer(815301076,1909f56bfc062723c751e8b465ee728b)  -> (artifact id: 'b035323e41b52f5b9ffc457295a3f5ff') in 0.095565 seconds 
  Import took 0.097858 seconds .

========================================================================
Received Import Request.
  Time since last request: 2.027289 seconds.
  path: Assets/prefab/Wall 1.prefab
  artifactKey: Guid(2e2bb2fbf36b00d4985792c4ce4df1f5) Importer(815301076,1909f56bfc062723c751e8b465ee728b)
Start importing Assets/prefab/Wall 1.prefab using Guid(2e2bb2fbf36b00d4985792c4ce4df1f5) Importer(815301076,1909f56bfc062723c751e8b465ee728b)  -> (artifact id: 'ecf390376556834a54145125eca1824e') in 0.018001 seconds 
  Import took 0.020608 seconds .

========================================================================
Received Import Request.
  Time since last request: 5.104175 seconds.
  path: Assets/prefab/Wall 1.prefab
  artifactKey: Guid(2e2bb2fbf36b00d4985792c4ce4df1f5) Importer(815301076,1909f56bfc062723c751e8b465ee728b)
Start importing Assets/prefab/Wall 1.prefab using Guid(2e2bb2fbf36b00d4985792c4ce4df1f5) Importer(815301076,1909f56bfc062723c751e8b465ee728b)  -> (artifact id: '3ce7e0d2f9fb3b1e23f93882f3f1f7ec') in 0.016069 seconds 
  Import took 0.018872 seconds .

========================================================================
Received Import Request.
  Time since last request: 2.794327 seconds.
  path: Assets/prefab/Wall 1.prefab
  artifactKey: Guid(2e2bb2fbf36b00d4985792c4ce4df1f5) Importer(815301076,1909f56bfc062723c751e8b465ee728b)
Start importing Assets/prefab/Wall 1.prefab using Guid(2e2bb2fbf36b00d4985792c4ce4df1f5) Importer(815301076,1909f56bfc062723c751e8b465ee728b)  -> (artifact id: '0135e73efe0776708d4a59801317114a') in 0.011910 seconds 
  Import took 0.014737 seconds .

========================================================================
Received Import Request.
  Time since last request: 13.213792 seconds.
  path: Assets/prefab/Slab.prefab
  artifactKey: Guid(2e2bb2fbf36b00d4985792c4ce4df1f5) Importer(815301076,1909f56bfc062723c751e8b465ee728b)
Start importing Assets/prefab/Slab.prefab using Guid(2e2bb2fbf36b00d4985792c4ce4df1f5) Importer(815301076,1909f56bfc062723c751e8b465ee728b)  -> (artifact id: '2b66a1f6f8f1ec9fe049a69223ef7488') in 0.012361 seconds 
  Import took 0.015044 seconds .

========================================================================
Received Import Request.
  Time since last request: 693.791910 seconds.
  path: Assets/script/Follow.cs
  artifactKey: Guid(52844a8b83f5f1c408be6f61455031e2) Importer(815301076,1909f56bfc062723c751e8b465ee728b)
Start importing Assets/script/Follow.cs using Guid(52844a8b83f5f1c408be6f61455031e2) Importer(815301076,1909f56bfc062723c751e8b465ee728b)  -> (artifact id: 'a280eb76b18e40c2c42f09efd1f5326c') in 0.008417 seconds 
  Import took 0.011128 seconds .

========================================================================
Received Import Request.
  Time since last request: 313.650493 seconds.
  path: ProjectSettings/TagManager.asset
  artifactKey: Guid(00000000000000003000000000000000) Importer(815301076,1909f56bfc062723c751e8b465ee728b)
Start importing ProjectSettings/TagManager.asset using Guid(00000000000000003000000000000000) Importer(815301076,1909f56bfc062723c751e8b465ee728b)  -> (artifact id: 'ce6a35c3cddc746e7501c0bd0ed6d4ce') in 0.008623 seconds 
  Import took 0.011282 seconds .

========================================================================
Received Import Request.
  Time since last request: 19.191372 seconds.
  path: Assets/prefab/Projectile.prefab
  artifactKey: Guid(ecc032cb0e7357e4c8550234f47142a5) Importer(815301076,1909f56bfc062723c751e8b465ee728b)
Start importing Assets/prefab/Projectile.prefab using Guid(ecc032cb0e7357e4c8550234f47142a5) Importer(815301076,1909f56bfc062723c751e8b465ee728b)  -> (artifact id: '0f8115764f1b193b93d82b78f67a7cf6') in 0.014198 seconds 
  Import took 0.048643 seconds .

========================================================================
Received Import Request.
  Time since last request: 265.732003 seconds.
  path: Assets/script/ProjectileLine.cs
  artifactKey: Guid(26887d9d58ce4a34eb89931631ac1bee) Importer(815301076,1909f56bfc062723c751e8b465ee728b)
Start importing Assets/script/ProjectileLine.cs using Guid(26887d9d58ce4a34eb89931631ac1bee) Importer(815301076,1909f56bfc062723c751e8b465ee728b)  -> (artifact id: '5d03fc65356221dd5532e669ff12e7d6') in 0.009930 seconds 
  Import took 0.013020 seconds .

========================================================================
Received Import Request.
  Time since last request: 2273.242731 seconds.
  path: Assets/script/ProjectileLine.cs
  artifactKey: Guid(26887d9d58ce4a34eb89931631ac1bee) Importer(815301076,1909f56bfc062723c751e8b465ee728b)
Start importing Assets/script/ProjectileLine.cs using Guid(26887d9d58ce4a34eb89931631ac1bee) Importer(815301076,1909f56bfc062723c751e8b465ee728b)  -> (artifact id: 'e1e1293d58069a55e6d5d028dd590ec3') in 0.008044 seconds 
  Import took 0.010681 seconds .

========================================================================
Received Import Request.
  Time since last request: 261.466770 seconds.
  path: Assets/script/RigidbodySleep.cs
  artifactKey: Guid(b33e7a3e6da614943bf3b6fd262fdc37) Importer(815301076,1909f56bfc062723c751e8b465ee728b)
Start importing Assets/script/RigidbodySleep.cs using Guid(b33e7a3e6da614943bf3b6fd262fdc37) Importer(815301076,1909f56bfc062723c751e8b465ee728b)  -> (artifact id: '2b3d6edfd31cf3fb70b371a03ca537f9') in 0.006614 seconds 
  Import took 0.009262 seconds .

========================================================================
Received Import Request.
  Time since last request: 0.758690 seconds.
  path: Assets/script/Slingershot.cs
  artifactKey: Guid(1ccf6c3be46cfa24395cf6f291a84dd8) Importer(815301076,1909f56bfc062723c751e8b465ee728b)
Start importing Assets/script/Slingershot.cs using Guid(1ccf6c3be46cfa24395cf6f291a84dd8) Importer(815301076,1909f56bfc062723c751e8b465ee728b)  -> (artifact id: '0bd73c9d05bab108aa3ff4f23100e5ce') in 0.006472 seconds 
  Import took 0.008974 seconds .

========================================================================
Received Import Request.
  Time since last request: 201.270380 seconds.
  path: Assets/script/Slingershot.cs
  artifactKey: Guid(1ccf6c3be46cfa24395cf6f291a84dd8) Importer(815301076,1909f56bfc062723c751e8b465ee728b)
Start importing Assets/script/Slingershot.cs using Guid(1ccf6c3be46cfa24395cf6f291a84dd8) Importer(815301076,1909f56bfc062723c751e8b465ee728b)  -> (artifact id: '31da37d39566f25196a25b6440b735fa') in 0.002491 seconds 
  Import took 0.005471 seconds .

========================================================================
Received Prepare
Registering precompiled user dll's ...
Registered in 0.146421 seconds.
Begin MonoManager ReloadAssembly
Native extension for WindowsStandalone target not found
Native extension for WebGL target not found
Refreshing native plugins compatible for Editor in 0.29 ms, found 2 plugins.
Preloading 0 native plugins for Editor in 0.00 ms.
Mono: successfully reloaded assembly
- Completed reload, in  0.821 seconds
Domain Reload Profiling:
	ReloadAssembly (821ms)
		BeginReloadAssembly (101ms)
			ExecutionOrderSort (0ms)
			DisableScriptedObjects (4ms)
			BackupInstance (0ms)
			ReleaseScriptingObjects (0ms)
			CreateAndSetChildDomain (30ms)
		EndReloadAssembly (672ms)
			LoadAssemblies (71ms)
			RebuildTransferFunctionScriptingTraits (0ms)
			SetupTypeCache (240ms)
			ReleaseScriptCaches (1ms)
			RebuildScriptCaches (33ms)
			SetupLoadedEditorAssemblies (243ms)
				LogAssemblyErrors (0ms)
				InitializePlatformSupportModulesInManaged (4ms)
				SetLoadedEditorAssemblies (0ms)
				RefreshPlugins (0ms)
				BeforeProcessingInitializeOnLoad (60ms)
				ProcessInitializeOnLoadAttributes (168ms)
				ProcessInitializeOnLoadMethodAttributes (7ms)
				AfterProcessingInitializeOnLoad (2ms)
				EditorAssembliesLoaded (0ms)
			ExecutionOrderSort2 (0ms)
			AwakeInstancesAfterBackupRestoration (6ms)
Platform modules already initialized, skipping
Refreshing native plugins compatible for Editor in 0.31 ms, found 2 plugins.
Preloading 0 native plugins for Editor in 0.00 ms.
Unloading 1504 Unused Serialized files (Serialized files now loaded: 0)
System memory in use before: 71.2 MB.
System memory in use after: 71.3 MB.

Unloading 16 unused Assets to reduce memory usage. Loaded Objects now: 1955.
Total: 2.315400 ms (FindLiveObjects: 0.117100 ms CreateObjectMapping: 0.037500 ms MarkObjects: 2.142500 ms  DeleteObjects: 0.017600 ms)

AssetImportParameters requested are different than current active one (requested -> active):
  custom:framework-win-MediaFoundation: 216162199b28c13a410421893ffa2e32 -> 
  custom:video-decoder-ogg-theora: a1e56fd34408186e4bbccfd4996cb3dc -> 
  custom:container-muxer-webm: aa71ff27fc2769a1b78a27578f13a17b -> 
  custom:container-demuxer-webm: 4f35f7cbe854078d1ac9338744f61a02 -> 
  custom:container-demuxer-ogg: 62fdf1f143b41e24485cea50d1cbac27 -> 
  custom:video-encoder-webm-vp8: eb34c28f22e8b96e1ab97ce403110664 -> 
  custom:video-decoder-webm-vp8: 9c59270c3fd7afecdb556c50c9e8de78 -> 
  custom:audio-decoder-ogg-vorbis: bf7c407c2cedff20999df2af8eb42d56 -> 
  custom:audio-encoder-webm-vorbis: bf7c407c2cedff20999df2af8eb42d56 -> 
